Flutter crash report; please file at https://github.com/flutter/flutter/issues.

## command

flutter run --machine --target lib/main.dart -d 2bc9726a9805 --track-widget-creation --start-paused

## exception

ArgumentError: Invalid argument(s): The source must not be null

```
#0      int.tryParse (dart:core-patch/integers_patch.dart:107:25)
#1      _AdbLogReader._start (package:flutter_tools/src/android/android_device.dart:1028:32)
<asynchronous suspension>
#2      _runGuarded (dart:async/stream_controller.dart:814:24)
#3      _BroadcastStreamController._subscribe (dart:async/broadcast_stream_controller.dart:215:7)
#4      _ControllerStream._createSubscription (dart:async/stream_controller.dart:827:19)
#5      _StreamImpl.listen (dart:async/stream_impl.dart:475:9)
#6      FlutterDevice.startEchoingDeviceLog (package:flutter_tools/src/resident_runner.dart:383:38)
#7      FlutterDevice.runHot (package:flutter_tools/src/resident_runner.dart:431:5)
<asynchronous suspension>
#8      HotRunner.run (package:flutter_tools/src/run_hot.dart:333:39)
#9      AppDomain.startApp.<anonymous closure> (package:flutter_tools/src/commands/daemon.dart:530:23)
#10     AppDomain.launch.<anonymous closure> (package:flutter_tools/src/commands/daemon.dart:592:26)
#11     AppContext.run.<anonymous closure> (package:flutter_tools/src/base/context.dart:150:29)
#12     _rootRun (dart:async/zone.dart:1126:13)
#13     _CustomZone.run (dart:async/zone.dart:1023:19)
#14     _runZoned (dart:async/zone.dart:1518:10)
#15     runZoned (dart:async/zone.dart:1465:12)
#16     AppContext.run (package:flutter_tools/src/base/context.dart:149:18)
#17     AppInstance._runInZone (package:flutter_tools/src/commands/daemon.dart:1032:20)
#18     AppDomain.launch (package:flutter_tools/src/commands/daemon.dart:590:15)
#19     AppDomain.startApp (package:flutter_tools/src/commands/daemon.dart:524:12)
<asynchronous suspension>
#20     RunCommand.runCommand (package:flutter_tools/src/commands/run.dart:396:38)
#21     FlutterCommand.verifyThenRunCommand (package:flutter_tools/src/runner/flutter_command.dart:638:18)
<asynchronous suspension>
#22     FlutterCommand.run.<anonymous closure> (package:flutter_tools/src/runner/flutter_command.dart:537:33)
<asynchronous suspension>
#23     AppContext.run.<anonymous closure> (package:flutter_tools/src/base/context.dart:150:29)
#24     _rootRun (dart:async/zone.dart:1126:13)
#25     _CustomZone.run (dart:async/zone.dart:1023:19)
#26     _runZoned (dart:async/zone.dart:1518:10)
#27     runZoned (dart:async/zone.dart:1465:12)
#28     AppContext.run (package:flutter_tools/src/base/context.dart:149:18)
#29     FlutterCommand.run (package:flutter_tools/src/runner/flutter_command.dart:527:20)
#30     CommandRunner.runCommand (package:args/command_runner.dart:197:27)
#31     FlutterCommandRunner.runCommand.<anonymous closure> (package:flutter_tools/src/runner/flutter_command_runner.dart:338:21)
<asynchronous suspension>
#32     AppContext.run.<anonymous closure> (package:flutter_tools/src/base/context.dart:150:29)
#33     _rootRun (dart:async/zone.dart:1126:13)
#34     _CustomZone.run (dart:async/zone.dart:1023:19)
#35     _runZoned (dart:async/zone.dart:1518:10)
#36     runZoned (dart:async/zone.dart:1465:12)
#37     AppContext.run (package:flutter_tools/src/base/context.dart:149:18)
#38     FlutterCommandRunner.runCommand (package:flutter_tools/src/runner/flutter_command_runner.dart:288:19)
#39     CommandRunner.run.<anonymous closure> (package:args/command_runner.dart:112:25)
#40     new Future.sync (dart:async/future.dart:224:31)
#41     CommandRunner.run (package:args/command_runner.dart:112:14)
#42     FlutterCommandRunner.run (package:flutter_tools/src/runner/flutter_command_runner.dart:231:18)
#43     run.<anonymous closure>.<anonymous closure> (package:flutter_tools/runner.dart:64:22)
#44     _rootRun (dart:async/zone.dart:1126:13)
#45     _CustomZone.run (dart:async/zone.dart:1023:19)
#46     _runZoned (dart:async/zone.dart:1518:10)
#47     runZoned (dart:async/zone.dart:1502:12)
#48     run.<anonymous closure> (package:flutter_tools/runner.dart:62:18)
<asynchronous suspension>
#49     AppContext.run.<anonymous closure> (package:flutter_tools/src/base/context.dart:150:29)
#50     _rootRun (dart:async/zone.dart:1126:13)
#51     _CustomZone.run (dart:async/zone.dart:1023:19)
#52     _runZoned (dart:async/zone.dart:1518:10)
#53     runZoned (dart:async/zone.dart:1465:12)
#54     AppContext.run (package:flutter_tools/src/base/context.dart:149:18)
#55     runInContext (package:flutter_tools/src/context_runner.dart:64:24)
#56     run (package:flutter_tools/runner.dart:51:10)
#57     main (package:flutter_tools/executable.dart:65:9)
#58     main (file:///home/maripbekoff/flutter/packages/flutter_tools/bin/flutter_tools.dart:8:3)
#59     _startIsolate.<anonymous closure> (dart:isolate-patch/isolate_patch.dart:299:32)
#60     _RawReceivePortImpl._handleMessage (dart:isolate-patch/isolate_patch.dart:168:12)
```

## flutter doctor

```
[✓] Flutter (Channel unknown, v1.14.6, on Linux, locale en_US.UTF-8)
    • Flutter version 1.14.6 at /home/maripbekoff/flutter
    • Framework revision fabeb2a16f (7 days ago), 2020-01-28 07:56:51 -0800
    • Engine revision c4229bfbba
    • Dart version 2.8.0 (build 2.8.0-dev.5.0 fc3af737c7)

[✓] Android toolchain - develop for Android devices (Android SDK version 29.0.2)
    • Android SDK at /home/maripbekoff/Android/Sdk
    • Android NDK location not configured (optional; useful for native profiling support)
    • Platform android-29, build-tools 29.0.2
    • Java binary at: /usr/local/opt/android-studio/jre/bin/java
    • Java version OpenJDK Runtime Environment (build 1.8.0_202-release-1483-b49-5587405)
    • All Android licenses accepted.

[!] Android Studio (version 3.5)
    • Android Studio at /usr/local/opt/android-studio
    ✗ Flutter plugin not installed; this adds Flutter specific functionality.
    ✗ Dart plugin not installed; this adds Dart specific functionality.
    • Java version OpenJDK Runtime Environment (build 1.8.0_202-release-1483-b49-5587405)

[✓] VS Code (version 1.41.1)
    • VS Code at /usr/share/code
    • Flutter extension version 3.8.0

[✓] Connected device (1 available)
    • Mi A1 • 2bc9726a9805 • android-arm • Android null (API null)

! Doctor found issues in 1 category.
```
